<?xml version="1.0" encoding="UTF-8" standalone="yes"?><!DOCTYPE report PUBLIC "-//JACOCO//DTD Report 1.1//EN" "report.dtd"><report name="mediscreen-risk"><sessioninfo id="LAPTOP-EM7U2K1L-8fc59651" start="1664457379732" dump="1664457411005"/><sessioninfo id="LAPTOP-EM7U2K1L-8b15f955" start="1664457638383" dump="1664457663834"/><sessioninfo id="LAPTOP-EM7U2K1L-55c2661d" start="1664458287066" dump="1664458305141"/><sessioninfo id="LAPTOP-EM7U2K1L-20b6b9e9" start="1664458334298" dump="1664458352387"/></report>